<?xml version="1.0" encoding="UTF-8"?>
<!-- Generated by org.testng.reporters.JUnitReportReporter -->
<testsuite hostname="ABHAGAR-LW13115" failures="0" tests="1" name="testSelenium.tests.StandaloneTest1" time="19.256" errors="0" timestamp="2024-05-14T14:25:54 IST" skipped="0">
  <testcase classname="testSelenium.tests.StandaloneTest1" name="SubmitOrder" time="19.256"/>
</testsuite> <!-- testSelenium.tests.StandaloneTest1 -->
