<?xml version="1.0" encoding="UTF-8"?>
<!-- Generated by org.testng.reporters.JUnitReportReporter -->
<testsuite hostname="ABHAGAR-LW13115" failures="0" tests="2" name="testSelenium.tests.ErrorValidationsTest" time="22.289" errors="0" timestamp="2024-07-15T13:21:41 IST" skipped="0">
  <testcase classname="testSelenium.tests.ErrorValidationsTest" name="LoginErrorValidation" time="6.895"/>
  <testcase classname="testSelenium.tests.ErrorValidationsTest" name="ProductErrorValidation" time="15.394"/>
</testsuite> <!-- testSelenium.tests.ErrorValidationsTest -->
