<?xml version="1.0" encoding="UTF-8"?>
<!-- Generated by org.testng.reporters.JUnitReportReporter -->
<testsuite hostname="ABHAGAR-LW13115" failures="0" tests="1" name="testSelenium.tests.ErrorValidations" time="11.048" errors="0" timestamp="2024-05-26T14:23:05 IST" skipped="0">
  <testcase classname="testSelenium.tests.ErrorValidations" name="SubmitOrder" time="11.048"/>
</testsuite> <!-- testSelenium.tests.ErrorValidations -->
