<?xml version="1.0" encoding="UTF-8"?>
<!-- Generated by org.testng.reporters.JUnitReportReporter -->
<testsuite hostname="ABHAGAR-LW13115" failures="0" tests="2" name="cucumber.TestNGTestRunner" time="21.675" errors="0" timestamp="2024-07-20T14:09:07 IST" skipped="0">
  <testcase classname="cucumber.TestNGTestRunner" name="runScenario" time="6.687"/>
  <testcase classname="cucumber.TestNGTestRunner" name="runScenario" time="14.988"/>
</testsuite> <!-- cucumber.TestNGTestRunner -->
