<?xml version="1.0" encoding="UTF-8"?>
<!-- Generated by org.testng.reporters.JUnitReportReporter -->
<testsuite hostname="ABHAGAR-LW13115" failures="0" tests="2" name="cucumber.TestNGTestRunner" time="23.926" errors="0" timestamp="2024-07-20T14:19:30 IST" skipped="0">
  <testcase classname="cucumber.TestNGTestRunner" name="runScenario" time="15.037"/>
  <testcase classname="cucumber.TestNGTestRunner" name="runScenario" time="8.889"/>
</testsuite> <!-- cucumber.TestNGTestRunner -->
