<?xml version="1.0" encoding="UTF-8"?>
<!-- Generated by org.testng.reporters.JUnitReportReporter -->
<testsuite hostname="ABHAGAR-LW13115" failures="0" tests="2" name="testSelenium.tests.ErrorValidationsTest" time="21.429" errors="0" timestamp="2024-07-16T23:09:36 IST" skipped="0">
  <testcase classname="testSelenium.tests.ErrorValidationsTest" name="LoginErrorValidation" time="7.305"/>
  <testcase classname="testSelenium.tests.ErrorValidationsTest" name="ProductErrorValidation" time="14.124"/>
</testsuite> <!-- testSelenium.tests.ErrorValidationsTest -->
